19-Jun-2019 16:52:10.749 信息 [main] org.apache.catalina.startup.VersionLoggerListener.log Server version:        Apache Tomcat/8.5.41
19-Jun-2019 16:52:10.759 信息 [main] org.apache.catalina.startup.VersionLoggerListener.log Server built:          May 4 2019 09:17:16 UTC
19-Jun-2019 16:52:10.760 信息 [main] org.apache.catalina.startup.VersionLoggerListener.log Server number:         8.5.41.0
19-Jun-2019 16:52:10.762 信息 [main] org.apache.catalina.startup.VersionLoggerListener.log OS Name:               Windows 7
19-Jun-2019 16:52:10.765 信息 [main] org.apache.catalina.startup.VersionLoggerListener.log OS Version:            6.1
19-Jun-2019 16:52:10.766 信息 [main] org.apache.catalina.startup.VersionLoggerListener.log Architecture:          amd64
19-Jun-2019 16:52:10.767 信息 [main] org.apache.catalina.startup.VersionLoggerListener.log Java Home:             C:\Program Files\Java\jdk1.8.0_211\jre
19-Jun-2019 16:52:10.769 信息 [main] org.apache.catalina.startup.VersionLoggerListener.log JVM Version:           1.8.0_211-b12
19-Jun-2019 16:52:10.772 信息 [main] org.apache.catalina.startup.VersionLoggerListener.log JVM Vendor:            Oracle Corporation
19-Jun-2019 16:52:10.773 信息 [main] org.apache.catalina.startup.VersionLoggerListener.log CATALINA_BASE:         D:\Apache Software Foundation\Tomcat 8.5
19-Jun-2019 16:52:10.775 信息 [main] org.apache.catalina.startup.VersionLoggerListener.log CATALINA_HOME:         D:\Apache Software Foundation\Tomcat 8.5
19-Jun-2019 16:52:10.776 信息 [main] org.apache.catalina.startup.VersionLoggerListener.log Command line argument: -Djava.util.logging.config.file=D:\Apache Software Foundation\Tomcat 8.5\conf\logging.properties
19-Jun-2019 16:52:10.778 信息 [main] org.apache.catalina.startup.VersionLoggerListener.log Command line argument: -Djava.util.logging.manager=org.apache.juli.ClassLoaderLogManager
19-Jun-2019 16:52:10.779 信息 [main] org.apache.catalina.startup.VersionLoggerListener.log Command line argument: -Djdk.tls.ephemeralDHKeySize=2048
19-Jun-2019 16:52:10.783 信息 [main] org.apache.catalina.startup.VersionLoggerListener.log Command line argument: -Djava.protocol.handler.pkgs=org.apache.catalina.webresources
19-Jun-2019 16:52:10.785 信息 [main] org.apache.catalina.startup.VersionLoggerListener.log Command line argument: -Dignore.endorsed.dirs=
19-Jun-2019 16:52:10.791 信息 [main] org.apache.catalina.startup.VersionLoggerListener.log Command line argument: -Dcatalina.base=D:\Apache Software Foundation\Tomcat 8.5
19-Jun-2019 16:52:10.794 信息 [main] org.apache.catalina.startup.VersionLoggerListener.log Command line argument: -Dcatalina.home=D:\Apache Software Foundation\Tomcat 8.5
19-Jun-2019 16:52:10.797 信息 [main] org.apache.catalina.startup.VersionLoggerListener.log Command line argument: -Djava.io.tmpdir=D:\Apache Software Foundation\Tomcat 8.5\temp
19-Jun-2019 16:52:10.798 信息 [main] org.apache.catalina.core.AprLifecycleListener.lifecycleEvent The APR based Apache Tomcat Native library which allows optimal performance in production environments was not found on the java.library.path: [C:\Program Files\Java\jdk1.8.0_211\bin;C:\Windows\Sun\Java\bin;C:\Windows\system32;C:\Windows;C:\Program Files (x86)\Common Files\Oracle\Java\javapath;C:\Windows\system32;C:\Windows;C:\Windows\System32\Wbem;C:\Windows\System32\WindowsPowerShell\v1.0\;D:\Git\cmd;C:\Program Files\Java\jdk1.8.0_211\bin;C:\Program Files\Java\jdk1.8.0_211\jre\bin;D:\Apache Software Foundation\Tomcat 8.5\lib;D:\Apache Software Foundation\Tomcat 8.5\lib\servlet-api.jar;D:\Apache Software Foundation\Tomcat 8.5\lib\jsp-api.jar;;.]
19-Jun-2019 16:52:11.027 信息 [main] org.apache.coyote.AbstractProtocol.init Initializing ProtocolHandler ["http-nio-8080"]
19-Jun-2019 16:52:11.412 信息 [main] org.apache.tomcat.util.net.NioSelectorPool.getSharedSelector Using a shared selector for servlet write/read
19-Jun-2019 16:52:11.435 信息 [main] org.apache.coyote.AbstractProtocol.init Initializing ProtocolHandler ["ajp-nio-8009"]
19-Jun-2019 16:52:11.446 信息 [main] org.apache.tomcat.util.net.NioSelectorPool.getSharedSelector Using a shared selector for servlet write/read
19-Jun-2019 16:52:11.448 信息 [main] org.apache.catalina.startup.Catalina.load Initialization processed in 1383 ms
19-Jun-2019 16:52:11.491 信息 [main] org.apache.catalina.core.StandardService.startInternal Starting service [Catalina]
19-Jun-2019 16:52:11.493 信息 [main] org.apache.catalina.core.StandardEngine.startInternal Starting Servlet Engine: Apache Tomcat/8.5.41
19-Jun-2019 16:52:11.512 信息 [localhost-startStop-1] org.apache.catalina.startup.HostConfig.deployDirectory Deploying web application directory [D:\Apache Software Foundation\Tomcat 8.5\webapps\docs]
19-Jun-2019 16:52:11.896 信息 [localhost-startStop-1] org.apache.catalina.startup.HostConfig.deployDirectory Deployment of web application directory [D:\Apache Software Foundation\Tomcat 8.5\webapps\docs] has finished in [384] ms
19-Jun-2019 16:52:11.967 信息 [localhost-startStop-1] org.apache.catalina.startup.HostConfig.deployDirectory Deploying web application directory [D:\Apache Software Foundation\Tomcat 8.5\webapps\manager]
19-Jun-2019 16:52:12.045 信息 [localhost-startStop-1] org.apache.catalina.startup.HostConfig.deployDirectory Deployment of web application directory [D:\Apache Software Foundation\Tomcat 8.5\webapps\manager] has finished in [78] ms
19-Jun-2019 16:52:12.048 信息 [localhost-startStop-1] org.apache.catalina.startup.HostConfig.deployDirectory Deploying web application directory [D:\Apache Software Foundation\Tomcat 8.5\webapps\ROOT]
19-Jun-2019 16:52:12.082 信息 [localhost-startStop-1] org.apache.catalina.startup.HostConfig.deployDirectory Deployment of web application directory [D:\Apache Software Foundation\Tomcat 8.5\webapps\ROOT] has finished in [33] ms
19-Jun-2019 16:52:12.104 信息 [main] org.apache.coyote.AbstractProtocol.start Starting ProtocolHandler ["http-nio-8080"]
19-Jun-2019 16:52:12.125 信息 [main] org.apache.coyote.AbstractProtocol.start Starting ProtocolHandler ["ajp-nio-8009"]
19-Jun-2019 16:52:12.132 信息 [main] org.apache.catalina.startup.Catalina.start Server startup in 681 ms
19-Jun-2019 16:52:52.945 严重 [main] org.apache.catalina.startup.Catalina.stopServer Could not contact [localhost:[8005]]. Tomcat may not be running.
19-Jun-2019 16:52:52.951 严重 [main] org.apache.catalina.startup.Catalina.stopServer Catalina.stop: 
	java.net.ConnectException: Connection refused: connect
		at java.net.DualStackPlainSocketImpl.connect0(Native Method)
		at java.net.DualStackPlainSocketImpl.socketConnect(DualStackPlainSocketImpl.java:79)
		at java.net.AbstractPlainSocketImpl.doConnect(AbstractPlainSocketImpl.java:350)
		at java.net.AbstractPlainSocketImpl.connectToAddress(AbstractPlainSocketImpl.java:206)
		at java.net.AbstractPlainSocketImpl.connect(AbstractPlainSocketImpl.java:188)
		at java.net.PlainSocketImpl.connect(PlainSocketImpl.java:172)
		at java.net.SocksSocketImpl.connect(SocksSocketImpl.java:392)
		at java.net.Socket.connect(Socket.java:589)
		at java.net.Socket.connect(Socket.java:538)
		at java.net.Socket.<init>(Socket.java:434)
		at java.net.Socket.<init>(Socket.java:211)
		at org.apache.catalina.startup.Catalina.stopServer(Catalina.java:504)
		at sun.reflect.NativeMethodAccessorImpl.invoke0(Native Method)
		at sun.reflect.NativeMethodAccessorImpl.invoke(NativeMethodAccessorImpl.java:62)
		at sun.reflect.DelegatingMethodAccessorImpl.invoke(DelegatingMethodAccessorImpl.java:43)
		at java.lang.reflect.Method.invoke(Method.java:498)
		at org.apache.catalina.startup.Bootstrap.stopServer(Bootstrap.java:406)
		at org.apache.catalina.startup.Bootstrap.main(Bootstrap.java:498)
